<?xml version="1.0" encoding="UTF-8"?>
<!-- Generated by org.testng.reporters.JUnitXMLReporter -->
<testsuite hostname="DESKTOP-CUL8PQA" ignored="0" name="Test" tests="10" failures="2" timestamp="2022-08-29T04:20:02 IST" time="384.618" errors="0">
  <testcase name="loginTest" time="3.781" classname="pipedriveUI.UI_TC1_AddDeal"/>
  <testcase name="addDeal" time="37.246" classname="pipedriveUI.UI_TC1_AddDeal"/>
  <testcase name="loginTest" time="2.486" classname="pipedriveUI.UI_TC2_scheduleMeeting"/>
  <testcase name="scheduleAppointment" time="126.653" classname="pipedriveUI.UI_TC2_scheduleMeeting"/>
  <testcase name="loginTest" time="2.657" classname="pipedriveUI.UI_TC3_SetExpectedCloseDate"/>
  <testcase name="setExpectedCloseDate" time="13.552" classname="pipedriveUI.UI_TC3_SetExpectedCloseDate"/>
  <testcase name="changeExpectedCloseDate" time="100.806" classname="pipedriveUI.UI_TC3_SetExpectedCloseDate">
    <failure type="org.openqa.selenium.NoSuchElementException" message="no such element: Unable to locate element: {&amp;quot;method&amp;quot;:&amp;quot;xpath&amp;quot;,&amp;quot;selector&amp;quot;:&amp;quot;//div[@class=&amp;apos;valueWrap clearfix date&amp;apos;]//input[@name=&amp;apos;expected_close_date&amp;apos;]&amp;quot;}
  (Session info: chrome=104.0.5112.102)
For documentation on this error, please visit: https://selenium.dev/exceptions/#no_such_element
Build info: version: &amp;apos;4.4.0&amp;apos;, revision: &amp;apos;e5c75ed026a&amp;apos;
System info: host: &amp;apos;DESKTOP-CUL8PQA&amp;apos;, ip: &amp;apos;192.168.1.14&amp;apos;, os.name: &amp;apos;Windows 10&amp;apos;, os.arch: &amp;apos;x86&amp;apos;, os.version: &amp;apos;10.0&amp;apos;, java.version: &amp;apos;1.8.0_341&amp;apos;
Driver info: org.openqa.selenium.chrome.ChromeDriver
Command: [5f48089ceeef99804d4ab9143d9c7d4f, findElement {using=xpath, value=//div[@class=&amp;apos;valueWrap clearfix date&amp;apos;]//input[@name=&amp;apos;expected_close_date&amp;apos;]}]
Capabilities {acceptInsecureCerts: false, browserName: chrome, browserVersion: 104.0.5112.102, chrome: {chromedriverVersion: 103.0.5060.134 (8ec6fce403b..., userDataDir: C:\Users\Admin\AppData\Loca...}, goog:chromeOptions: {debuggerAddress: localhost:54692}, networkConnectionEnabled: false, pageLoadStrategy: normal, platformName: WINDOWS, proxy: Proxy(), se:cdp: ws://localhost:54692/devtoo..., se:cdpVersion: 104.0.5112.102, setWindowRect: true, strictFileInteractability: false, timeouts: {implicit: 0, pageLoad: 300000, script: 30000}, unhandledPromptBehavior: ignore, webauthn:extension:credBlob: true, webauthn:extension:largeBlob: true, webauthn:virtualAuthenticators: true}
Session ID: 5f48089ceeef99804d4ab9143d9c7d4f">
      <![CDATA[org.openqa.selenium.NoSuchElementException: no such element: Unable to locate element: {"method":"xpath","selector":"//div[@class='valueWrap clearfix date']//input[@name='expected_close_date']"}
  (Session info: chrome=104.0.5112.102)
For documentation on this error, please visit: https://selenium.dev/exceptions/#no_such_element
Build info: version: '4.4.0', revision: 'e5c75ed026a'
System info: host: 'DESKTOP-CUL8PQA', ip: '192.168.1.14', os.name: 'Windows 10', os.arch: 'x86', os.version: '10.0', java.version: '1.8.0_341'
Driver info: org.openqa.selenium.chrome.ChromeDriver
Command: [5f48089ceeef99804d4ab9143d9c7d4f, findElement {using=xpath, value=//div[@class='valueWrap clearfix date']//input[@name='expected_close_date']}]
Capabilities {acceptInsecureCerts: false, browserName: chrome, browserVersion: 104.0.5112.102, chrome: {chromedriverVersion: 103.0.5060.134 (8ec6fce403b..., userDataDir: C:\Users\Admin\AppData\Loca...}, goog:chromeOptions: {debuggerAddress: localhost:54692}, networkConnectionEnabled: false, pageLoadStrategy: normal, platformName: WINDOWS, proxy: Proxy(), se:cdp: ws://localhost:54692/devtoo..., se:cdpVersion: 104.0.5112.102, setWindowRect: true, strictFileInteractability: false, timeouts: {implicit: 0, pageLoad: 300000, script: 30000}, unhandledPromptBehavior: ignore, webauthn:extension:credBlob: true, webauthn:extension:largeBlob: true, webauthn:virtualAuthenticators: true}
Session ID: 5f48089ceeef99804d4ab9143d9c7d4f
at org.openqa.selenium.remote.codec.w3c.W3CHttpResponseCodec.createException(W3CHttpResponseCodec.java:200)
at org.openqa.selenium.remote.codec.w3c.W3CHttpResponseCodec.decode(W3CHttpResponseCodec.java:133)
at org.openqa.selenium.remote.codec.w3c.W3CHttpResponseCodec.decode(W3CHttpResponseCodec.java:53)
at org.openqa.selenium.remote.HttpCommandExecutor.execute(HttpCommandExecutor.java:184)
at org.openqa.selenium.remote.service.DriverCommandExecutor.invokeExecute(DriverCommandExecutor.java:167)
at org.openqa.selenium.remote.service.DriverCommandExecutor.execute(DriverCommandExecutor.java:142)
at org.openqa.selenium.remote.RemoteWebDriver.execute(RemoteWebDriver.java:547)
at org.openqa.selenium.remote.ElementLocation$ElementFinder$2.findElement(ElementLocation.java:162)
at org.openqa.selenium.remote.ElementLocation.findElement(ElementLocation.java:60)
at org.openqa.selenium.remote.RemoteWebDriver.findElement(RemoteWebDriver.java:365)
at org.openqa.selenium.remote.RemoteWebDriver.findElement(RemoteWebDriver.java:357)
at org.openqa.selenium.support.pagefactory.DefaultElementLocator.findElement(DefaultElementLocator.java:70)
at org.openqa.selenium.support.pagefactory.internal.LocatingElementHandler.invoke(LocatingElementHandler.java:39)
at com.sun.proxy.$Proxy26.sendKeys(Unknown Source)
at pages.ManageDealPage.changeExpectedCloseDate(ManageDealPage.java:390)
at pipedriveUI.UI_TC3_SetExpectedCloseDate.changeExpectedCloseDate(UI_TC3_SetExpectedCloseDate.java:83)
at java.util.ArrayList.forEach(ArrayList.java:1259)
at com.sun.proxy.$Proxy2.stop(Unknown Source)
... Removed 48 stack frames]]>
    </failure>
  </testcase> <!-- changeExpectedCloseDate -->
  <testcase name="deleteExpectedCloseDate" time="1.499" classname="pipedriveUI.UI_TC3_SetExpectedCloseDate"/>
  <testcase name="loginTest" time="2.569" classname="pipedriveUI.UI_TC4_DeleteDeal"/>
  <testcase name="addDeal" time="14.894" classname="pipedriveUI.UI_TC4_DeleteDeal">
    <failure type="org.openqa.selenium.UnhandledAlertException" message="unexpected alert open: {Alert text : Are you sure you want to delete this deal?}
  (Session info: chrome=104.0.5112.102): Are you sure you want to delete this deal?
Build info: version: &amp;apos;4.4.0&amp;apos;, revision: &amp;apos;e5c75ed026a&amp;apos;
System info: host: &amp;apos;DESKTOP-CUL8PQA&amp;apos;, ip: &amp;apos;192.168.1.14&amp;apos;, os.name: &amp;apos;Windows 10&amp;apos;, os.arch: &amp;apos;x86&amp;apos;, os.version: &amp;apos;10.0&amp;apos;, java.version: &amp;apos;1.8.0_341&amp;apos;
Driver info: org.openqa.selenium.chrome.ChromeDriver
Command: [f571962dd853a09acd09385dae52c719, getElementText {id=66f410b1-4115-44c8-87a3-946c12974355}]
Capabilities {acceptInsecureCerts: false, browserName: chrome, browserVersion: 104.0.5112.102, chrome: {chromedriverVersion: 103.0.5060.134 (8ec6fce403b..., userDataDir: C:\Users\Admin\AppData\Loca...}, goog:chromeOptions: {debuggerAddress: localhost:54791}, networkConnectionEnabled: false, pageLoadStrategy: normal, platformName: WINDOWS, proxy: Proxy(), se:cdp: ws://localhost:54791/devtoo..., se:cdpVersion: 104.0.5112.102, setWindowRect: true, strictFileInteractability: false, timeouts: {implicit: 0, pageLoad: 300000, script: 30000}, unhandledPromptBehavior: ignore, webauthn:extension:credBlob: true, webauthn:extension:largeBlob: true, webauthn:virtualAuthenticators: true}
Element: [[ChromeDriver: chrome on WINDOWS (f571962dd853a09acd09385dae52c719)] -&amp;gt; xpath: //div[contains(@class,&amp;apos;cui5StyleDropdown &amp;apos;)]//div[@class=&amp;apos;cui5-option &amp;apos;]/span]
Session ID: f571962dd853a09acd09385dae52c719">
      <![CDATA[org.openqa.selenium.UnhandledAlertException: unexpected alert open: {Alert text : Are you sure you want to delete this deal?}
  (Session info: chrome=104.0.5112.102): Are you sure you want to delete this deal?
Build info: version: '4.4.0', revision: 'e5c75ed026a'
System info: host: 'DESKTOP-CUL8PQA', ip: '192.168.1.14', os.name: 'Windows 10', os.arch: 'x86', os.version: '10.0', java.version: '1.8.0_341'
Driver info: org.openqa.selenium.chrome.ChromeDriver
Command: [f571962dd853a09acd09385dae52c719, getElementText {id=66f410b1-4115-44c8-87a3-946c12974355}]
Capabilities {acceptInsecureCerts: false, browserName: chrome, browserVersion: 104.0.5112.102, chrome: {chromedriverVersion: 103.0.5060.134 (8ec6fce403b..., userDataDir: C:\Users\Admin\AppData\Loca...}, goog:chromeOptions: {debuggerAddress: localhost:54791}, networkConnectionEnabled: false, pageLoadStrategy: normal, platformName: WINDOWS, proxy: Proxy(), se:cdp: ws://localhost:54791/devtoo..., se:cdpVersion: 104.0.5112.102, setWindowRect: true, strictFileInteractability: false, timeouts: {implicit: 0, pageLoad: 300000, script: 30000}, unhandledPromptBehavior: ignore, webauthn:extension:credBlob: true, webauthn:extension:largeBlob: true, webauthn:virtualAuthenticators: true}
Element: [[ChromeDriver: chrome on WINDOWS (f571962dd853a09acd09385dae52c719)] -> xpath: //div[contains(@class,'cui5StyleDropdown ')]//div[@class='cui5-option ']/span]
Session ID: f571962dd853a09acd09385dae52c719
at org.openqa.selenium.remote.codec.w3c.W3CHttpResponseCodec.decode(W3CHttpResponseCodec.java:131)
at org.openqa.selenium.remote.codec.w3c.W3CHttpResponseCodec.decode(W3CHttpResponseCodec.java:53)
at org.openqa.selenium.remote.HttpCommandExecutor.execute(HttpCommandExecutor.java:184)
at org.openqa.selenium.remote.service.DriverCommandExecutor.invokeExecute(DriverCommandExecutor.java:167)
at org.openqa.selenium.remote.service.DriverCommandExecutor.execute(DriverCommandExecutor.java:142)
at org.openqa.selenium.remote.RemoteWebDriver.execute(RemoteWebDriver.java:547)
at org.openqa.selenium.remote.RemoteWebElement.execute(RemoteWebElement.java:257)
at org.openqa.selenium.remote.RemoteWebElement.getText(RemoteWebElement.java:207)
at pages.ManageDealPage.deleteDeal(ManageDealPage.java:410)
at pipedriveUI.UI_TC4_DeleteDeal.addDeal(UI_TC4_DeleteDeal.java:67)
at java.util.ArrayList.forEach(ArrayList.java:1259)
at com.sun.proxy.$Proxy2.stop(Unknown Source)
... Removed 44 stack frames]]>
    </failure>
  </testcase> <!-- addDeal -->
</testsuite> <!-- Test -->
